Build started 6/1/2016 10:07:42.
     1>Project "C:\Users\Luna\Programming Projects\IGMTutorial\Physics\Sphere - Triangle 3D\Sphere_Triangle_3D\Sphere_Triangle_3D.vcxproj" on node 2 (Build target(s)).
     1>C:\Program Files (x86)\MSBuild\Microsoft.Cpp\v4.0\V120\Microsoft.CppBuild.targets(388,5): warning MSB8028: The intermediate directory (Debug\) contains files shared from another project (Base.vcxproj, Circle_AABB_2D.vcxproj, Circle_OBB_2D.vcxproj, Sphere Collision 3D.vcxproj, Sphere LineSeg_3D.vcxproj).  This can lead to incorrect clean and rebuild behavior.
     1>ClCompile:
         C:\Program Files (x86)\Microsoft Visual Studio 12.0\VC\bin\CL.exe /c /I"C:\Users\Luna\Programming Projects\IGMTutorial\Physics\Sphere - Triangle 3D\Sphere_Triangle_3D\\include" /ZI /nologo /W3 /WX- /sdl /Od /Oy- /D _MBCS /Gm /EHsc /RTC1 /MDd /GS /fp:precise /Zc:wchar_t /Zc:forScope /Fo"Debug\\" /Fd"Debug\vc120.pdb" /Gd /TP /analyze- /errorReport:prompt main.cpp
         main.cpp
     1>c:\users\luna\programming projects\igmtutorial\physics\sphere - triangle 3d\sphere_triangle_3d\main.cpp(264): warning C4244: '=' : conversion from 'double' to 'float', possible loss of data
     1>c:\users\luna\programming projects\igmtutorial\physics\sphere - triangle 3d\sphere_triangle_3d\main.cpp(265): warning C4244: '=' : conversion from 'double' to 'float', possible loss of data
     1>c:\users\luna\programming projects\igmtutorial\physics\sphere - triangle 3d\sphere_triangle_3d\main.cpp(266): warning C4244: '=' : conversion from 'double' to 'float', possible loss of data
     1>c:\users\luna\programming projects\igmtutorial\physics\sphere - triangle 3d\sphere_triangle_3d\main.cpp(272): warning C4244: '=' : conversion from 'double' to 'float', possible loss of data
     1>c:\users\luna\programming projects\igmtutorial\physics\sphere - triangle 3d\sphere_triangle_3d\main.cpp(273): warning C4244: '=' : conversion from 'double' to 'float', possible loss of data
     1>c:\users\luna\programming projects\igmtutorial\physics\sphere - triangle 3d\sphere_triangle_3d\main.cpp(274): warning C4244: '=' : conversion from 'double' to 'float', possible loss of data
     1>c:\users\luna\programming projects\igmtutorial\physics\sphere - triangle 3d\sphere_triangle_3d\main.cpp(280): warning C4244: '=' : conversion from 'double' to 'float', possible loss of data
     1>c:\users\luna\programming projects\igmtutorial\physics\sphere - triangle 3d\sphere_triangle_3d\main.cpp(281): warning C4244: '=' : conversion from 'double' to 'float', possible loss of data
     1>c:\users\luna\programming projects\igmtutorial\physics\sphere - triangle 3d\sphere_triangle_3d\main.cpp(282): warning C4244: '=' : conversion from 'double' to 'float', possible loss of data
     1>c:\users\luna\programming projects\igmtutorial\physics\sphere - triangle 3d\sphere_triangle_3d\main.cpp(288): warning C4244: '=' : conversion from 'double' to 'float', possible loss of data
     1>c:\users\luna\programming projects\igmtutorial\physics\sphere - triangle 3d\sphere_triangle_3d\main.cpp(289): warning C4244: '=' : conversion from 'double' to 'float', possible loss of data
     1>c:\users\luna\programming projects\igmtutorial\physics\sphere - triangle 3d\sphere_triangle_3d\main.cpp(290): warning C4244: '=' : conversion from 'double' to 'float', possible loss of data
     1>c:\users\luna\programming projects\igmtutorial\physics\sphere - triangle 3d\sphere_triangle_3d\main.cpp(534): warning C4244: '=' : conversion from 'double' to 'float', possible loss of data
     1>c:\users\luna\programming projects\igmtutorial\physics\sphere - triangle 3d\sphere_triangle_3d\main.cpp(535): warning C4244: '=' : conversion from 'double' to 'float', possible loss of data
     1>c:\users\luna\programming projects\igmtutorial\physics\sphere - triangle 3d\sphere_triangle_3d\main.cpp(549): warning C4244: 'argument' : conversion from 'double' to 'GLclampf', possible loss of data
       Link:
         C:\Program Files (x86)\Microsoft Visual Studio 12.0\VC\bin\link.exe /ERRORREPORT:PROMPT /OUT:"C:\Users\Luna\Programming Projects\IGMTutorial\Physics\Sphere - Triangle 3D\Debug\Sphere_Triangle_3D.exe" /INCREMENTAL /NOLOGO /LIBPATH:"C:\Users\Luna\Programming Projects\IGMTutorial\Physics\Sphere - Triangle 3D\Sphere_Triangle_3D\\lib" opengl32.lib glew32.lib glfw3.lib kernel32.lib user32.lib gdi32.lib winspool.lib comdlg32.lib advapi32.lib shell32.lib ole32.lib oleaut32.lib uuid.lib odbc32.lib odbccp32.lib /MANIFEST /MANIFESTUAC:"level='asInvoker' uiAccess='false'" /manifest:embed /DEBUG /PDB:"C:\Users\Luna\Programming Projects\IGMTutorial\Physics\Sphere - Triangle 3D\Debug\Sphere_Triangle_3D.pdb" /TLBID:1 /DYNAMICBASE /NXCOMPAT /IMPLIB:"C:\Users\Luna\Programming Projects\IGMTutorial\Physics\Sphere - Triangle 3D\Debug\Sphere_Triangle_3D.lib" /MACHINE:X86 Debug\main.obj
     1>LINK : warning LNK4098: defaultlib 'MSVCRT' conflicts with use of other libs; use /NODEFAULTLIB:library
         Sphere_Triangle_3D.vcxproj -> C:\Users\Luna\Programming Projects\IGMTutorial\Physics\Sphere - Triangle 3D\Debug\Sphere_Triangle_3D.exe
     1>Done Building Project "C:\Users\Luna\Programming Projects\IGMTutorial\Physics\Sphere - Triangle 3D\Sphere_Triangle_3D\Sphere_Triangle_3D.vcxproj" (Build target(s)).

Build succeeded.

Time Elapsed 00:00:01.97
