Build started 6/9/2015 4:26:22 PM.
     1>Project "\\banner.main.ad.rit.edu\students\sxt5244\IGMProfile\Desktop\Sphere LineSeg_3D\Sphere LineSeg_3D\Sphere LineSeg_3D.vcxproj" on node 2 (Build target(s)).
     1>C:\Program Files (x86)\MSBuild\Microsoft.Cpp\v4.0\V120\Microsoft.CppBuild.targets(388,5): warning MSB8028: The intermediate directory (Debug\) contains files shared from another project (Base.vcxproj, Circle_AABB_2D.vcxproj, Circle_OBB_2D.vcxproj, Sphere Collision 3D.vcxproj).  This can lead to incorrect clean and rebuild behavior.
     1>ClCompile:
         C:\Program Files (x86)\Microsoft Visual Studio 12.0\VC\bin\CL.exe /c /I"\\banner.main.ad.rit.edu\students\sxt5244\IGMProfile\Desktop\Sphere LineSeg_3D\Sphere LineSeg_3D\\include" /ZI /nologo /W3 /WX- /sdl /Od /Oy- /D _MBCS /Gm /EHsc /RTC1 /MDd /GS /fp:precise /Zc:wchar_t /Zc:forScope /Fo"Debug\\" /Fd"Debug\vc120.pdb" /Gd /TP /analyze- /errorReport:prompt main.cpp
         main.cpp
     1>\\banner.main.ad.rit.edu\students\sxt5244\igmprofile\desktop\sphere lineseg_3d\sphere lineseg_3d\main.cpp(262): warning C4244: '=' : conversion from 'double' to 'float', possible loss of data
     1>\\banner.main.ad.rit.edu\students\sxt5244\igmprofile\desktop\sphere lineseg_3d\sphere lineseg_3d\main.cpp(263): warning C4244: '=' : conversion from 'double' to 'float', possible loss of data
     1>\\banner.main.ad.rit.edu\students\sxt5244\igmprofile\desktop\sphere lineseg_3d\sphere lineseg_3d\main.cpp(264): warning C4244: '=' : conversion from 'double' to 'float', possible loss of data
     1>\\banner.main.ad.rit.edu\students\sxt5244\igmprofile\desktop\sphere lineseg_3d\sphere lineseg_3d\main.cpp(270): warning C4244: '=' : conversion from 'double' to 'float', possible loss of data
     1>\\banner.main.ad.rit.edu\students\sxt5244\igmprofile\desktop\sphere lineseg_3d\sphere lineseg_3d\main.cpp(271): warning C4244: '=' : conversion from 'double' to 'float', possible loss of data
     1>\\banner.main.ad.rit.edu\students\sxt5244\igmprofile\desktop\sphere lineseg_3d\sphere lineseg_3d\main.cpp(272): warning C4244: '=' : conversion from 'double' to 'float', possible loss of data
     1>\\banner.main.ad.rit.edu\students\sxt5244\igmprofile\desktop\sphere lineseg_3d\sphere lineseg_3d\main.cpp(278): warning C4244: '=' : conversion from 'double' to 'float', possible loss of data
     1>\\banner.main.ad.rit.edu\students\sxt5244\igmprofile\desktop\sphere lineseg_3d\sphere lineseg_3d\main.cpp(279): warning C4244: '=' : conversion from 'double' to 'float', possible loss of data
     1>\\banner.main.ad.rit.edu\students\sxt5244\igmprofile\desktop\sphere lineseg_3d\sphere lineseg_3d\main.cpp(280): warning C4244: '=' : conversion from 'double' to 'float', possible loss of data
     1>\\banner.main.ad.rit.edu\students\sxt5244\igmprofile\desktop\sphere lineseg_3d\sphere lineseg_3d\main.cpp(286): warning C4244: '=' : conversion from 'double' to 'float', possible loss of data
     1>\\banner.main.ad.rit.edu\students\sxt5244\igmprofile\desktop\sphere lineseg_3d\sphere lineseg_3d\main.cpp(287): warning C4244: '=' : conversion from 'double' to 'float', possible loss of data
     1>\\banner.main.ad.rit.edu\students\sxt5244\igmprofile\desktop\sphere lineseg_3d\sphere lineseg_3d\main.cpp(288): warning C4244: '=' : conversion from 'double' to 'float', possible loss of data
     1>\\banner.main.ad.rit.edu\students\sxt5244\igmprofile\desktop\sphere lineseg_3d\sphere lineseg_3d\main.cpp(532): warning C4244: '=' : conversion from 'double' to 'float', possible loss of data
     1>\\banner.main.ad.rit.edu\students\sxt5244\igmprofile\desktop\sphere lineseg_3d\sphere lineseg_3d\main.cpp(533): warning C4244: '=' : conversion from 'double' to 'float', possible loss of data
     1>\\banner.main.ad.rit.edu\students\sxt5244\igmprofile\desktop\sphere lineseg_3d\sphere lineseg_3d\main.cpp(547): warning C4244: 'argument' : conversion from 'double' to 'GLclampf', possible loss of data
       Link:
         C:\Program Files (x86)\Microsoft Visual Studio 12.0\VC\bin\link.exe /ERRORREPORT:PROMPT /OUT:"\\banner.main.ad.rit.edu\students\sxt5244\IGMProfile\Desktop\Sphere LineSeg_3D\Debug\Sphere LineSeg_3D.exe" /INCREMENTAL /NOLOGO /LIBPATH:"\\banner.main.ad.rit.edu\students\sxt5244\IGMProfile\Desktop\Sphere LineSeg_3D\Sphere LineSeg_3D\\lib" opengl32.lib glew32.lib glfw3.lib kernel32.lib user32.lib gdi32.lib winspool.lib comdlg32.lib advapi32.lib shell32.lib ole32.lib oleaut32.lib uuid.lib odbc32.lib odbccp32.lib /MANIFEST /MANIFESTUAC:"level='asInvoker' uiAccess='false'" /manifest:embed /DEBUG /PDB:"\\banner.main.ad.rit.edu\students\sxt5244\IGMProfile\Desktop\Sphere LineSeg_3D\Debug\Sphere LineSeg_3D.pdb" /TLBID:1 /DYNAMICBASE /NXCOMPAT /IMPLIB:"\\banner.main.ad.rit.edu\students\sxt5244\IGMProfile\Desktop\Sphere LineSeg_3D\Debug\Sphere LineSeg_3D.lib" /MACHINE:X86 Debug\main.obj
         Sphere LineSeg_3D.vcxproj -> \\banner.main.ad.rit.edu\students\sxt5244\IGMProfile\Desktop\Sphere LineSeg_3D\Debug\Sphere LineSeg_3D.exe
     1>Done Building Project "\\banner.main.ad.rit.edu\students\sxt5244\IGMProfile\Desktop\Sphere LineSeg_3D\Sphere LineSeg_3D\Sphere LineSeg_3D.vcxproj" (Build target(s)).

Build succeeded.

Time Elapsed 00:00:03.24
